GROUP,PACKAGE,CLASS,INSTRUCTION_MISSED,INSTRUCTION_COVERED,BRANCH_MISSED,BRANCH_COVERED,LINE_MISSED,LINE_COVERED,COMPLEXITY_MISSED,COMPLEXITY_COVERED,METHOD_MISSED,METHOD_COVERED
AirportManagementApp,com.airport.exception,NoAirportsFoundForContinentException,0,4,0,0,0,2,0,1,0,1
AirportManagementApp,com.airport.exception,NoHeliportFoundException,0,4,0,0,0,2,0,1,0,1
AirportManagementApp,com.airport,AirportManagerImpl,0,445,0,6,0,97,0,20,0,17
AirportManagementApp,com.airport,AirportsDataDownloader,22,0,0,0,6,0,3,0,3,0
AirportManagementApp,com.airport.logger,ApplicationLogger,6,49,0,0,2,6,1,3,1,3
AirportManagementApp,com.airport.constants,AirportType,0,92,0,0,0,12,0,3,0,3
AirportManagementApp,com.airport.helper,PropertyHelper,15,27,1,1,6,10,2,2,1,2
